2021-07-04 00:38:29.494215: I tensorflow/stream_executor/platform/default/dso_loader.cc:49] Successfully opened dynamic library libcudart.so.11.0
2021-07-04 00:39:36.406462: I tensorflow/compiler/jit/xla_cpu_device.cc:41] Not creating XLA devices, tf_xla_enable_xla_devices not set
2021-07-04 00:39:36.411802: I tensorflow/stream_executor/platform/default/dso_loader.cc:49] Successfully opened dynamic library libcuda.so.1
2021-07-04 00:39:36.444031: I tensorflow/core/common_runtime/gpu/gpu_device.cc:1720] Found device 0 with properties: 
pciBusID: 0000:03:00.0 name: Tesla K40m computeCapability: 3.5
coreClock: 0.745GHz coreCount: 15 deviceMemorySize: 11.17GiB deviceMemoryBandwidth: 268.58GiB/s
2021-07-04 00:39:36.444083: I tensorflow/stream_executor/platform/default/dso_loader.cc:49] Successfully opened dynamic library libcudart.so.11.0
2021-07-04 00:39:36.447879: I tensorflow/stream_executor/platform/default/dso_loader.cc:49] Successfully opened dynamic library libcublas.so.11
2021-07-04 00:39:36.447943: I tensorflow/stream_executor/platform/default/dso_loader.cc:49] Successfully opened dynamic library libcublasLt.so.11
2021-07-04 00:39:36.449627: I tensorflow/stream_executor/platform/default/dso_loader.cc:49] Successfully opened dynamic library libcufft.so.10
2021-07-04 00:39:36.450788: I tensorflow/stream_executor/platform/default/dso_loader.cc:49] Successfully opened dynamic library libcurand.so.10
2021-07-04 00:39:36.454390: I tensorflow/stream_executor/platform/default/dso_loader.cc:49] Successfully opened dynamic library libcusolver.so.10
2021-07-04 00:39:36.455510: I tensorflow/stream_executor/platform/default/dso_loader.cc:49] Successfully opened dynamic library libcusparse.so.11
2021-07-04 00:39:36.456037: I tensorflow/stream_executor/platform/default/dso_loader.cc:49] Successfully opened dynamic library libcudnn.so.8
2021-07-04 00:39:36.457717: I tensorflow/core/common_runtime/gpu/gpu_device.cc:1862] Adding visible gpu devices: 0
2021-07-04 00:39:36.458322: I tensorflow/compiler/jit/xla_gpu_device.cc:99] Not creating XLA devices, tf_xla_enable_xla_devices not set
2021-07-04 00:39:36.459197: I tensorflow/core/common_runtime/gpu/gpu_device.cc:1720] Found device 0 with properties: 
pciBusID: 0000:03:00.0 name: Tesla K40m computeCapability: 3.5
coreClock: 0.745GHz coreCount: 15 deviceMemorySize: 11.17GiB deviceMemoryBandwidth: 268.58GiB/s
2021-07-04 00:39:36.459226: I tensorflow/stream_executor/platform/default/dso_loader.cc:49] Successfully opened dynamic library libcudart.so.11.0
2021-07-04 00:39:36.459253: I tensorflow/stream_executor/platform/default/dso_loader.cc:49] Successfully opened dynamic library libcublas.so.11
2021-07-04 00:39:36.459283: I tensorflow/stream_executor/platform/default/dso_loader.cc:49] Successfully opened dynamic library libcublasLt.so.11
2021-07-04 00:39:36.459312: I tensorflow/stream_executor/platform/default/dso_loader.cc:49] Successfully opened dynamic library libcufft.so.10
2021-07-04 00:39:36.459341: I tensorflow/stream_executor/platform/default/dso_loader.cc:49] Successfully opened dynamic library libcurand.so.10
2021-07-04 00:39:36.459370: I tensorflow/stream_executor/platform/default/dso_loader.cc:49] Successfully opened dynamic library libcusolver.so.10
2021-07-04 00:39:36.459399: I tensorflow/stream_executor/platform/default/dso_loader.cc:49] Successfully opened dynamic library libcusparse.so.11
2021-07-04 00:39:36.459428: I tensorflow/stream_executor/platform/default/dso_loader.cc:49] Successfully opened dynamic library libcudnn.so.8
2021-07-04 00:39:36.461016: I tensorflow/core/common_runtime/gpu/gpu_device.cc:1862] Adding visible gpu devices: 0
2021-07-04 00:39:36.461054: I tensorflow/stream_executor/platform/default/dso_loader.cc:49] Successfully opened dynamic library libcudart.so.11.0
2021-07-04 00:39:37.018466: I tensorflow/core/common_runtime/gpu/gpu_device.cc:1261] Device interconnect StreamExecutor with strength 1 edge matrix:
2021-07-04 00:39:37.018521: I tensorflow/core/common_runtime/gpu/gpu_device.cc:1267]      0 
2021-07-04 00:39:37.018532: I tensorflow/core/common_runtime/gpu/gpu_device.cc:1280] 0:   N 
2021-07-04 00:39:37.021211: I tensorflow/core/common_runtime/gpu/gpu_device.cc:1406] Created TensorFlow device (/job:localhost/replica:0/task:0/device:GPU:0 with 10615 MB memory) -> physical GPU (device: 0, name: Tesla K40m, pci bus id: 0000:03:00.0, compute capability: 3.5)
2021-07-04 00:39:37.970095: I tensorflow/compiler/mlir/mlir_graph_optimization_pass.cc:116] None of the MLIR optimization passes are enabled (registered 2)
2021-07-04 00:39:37.970678: I tensorflow/core/platform/profile_utils/cpu_utils.cc:112] CPU Frequency: 2799985000 Hz
2021-07-04 00:39:41.606388: I tensorflow/stream_executor/platform/default/dso_loader.cc:49] Successfully opened dynamic library libcublas.so.11
2021-07-04 00:39:41.856501: I tensorflow/stream_executor/platform/default/dso_loader.cc:49] Successfully opened dynamic library libcublasLt.so.11
2021-07-04 00:39:41.877122: I tensorflow/stream_executor/platform/default/dso_loader.cc:49] Successfully opened dynamic library libcudnn.so.8
/work/hwei/HaowenWeiDeepLearning/IndexPenTrainingDir/IndexPen_Training/IndexPen_Training_venv/lib/python3.7/site-packages/sklearn/base.py:315: UserWarning: Trying to unpickle estimator OneHotEncoder from version 0.24.1 when using version 0.24.2. This might lead to breaking code or invalid results. Use at your own risk.
  UserWarning)
WARNING:tensorflow:Layer lstm will not use cuDNN kernel since it doesn't meet the cuDNN kernel criteria. It will use generic GPU kernel as fallback when running on GPU
