2021-07-20 17:58:18.510955: I tensorflow/stream_executor/platform/default/dso_loader.cc:49] Successfully opened dynamic library libcudart.so.11.0
2021-07-20 18:01:53.286916: I tensorflow/compiler/jit/xla_cpu_device.cc:41] Not creating XLA devices, tf_xla_enable_xla_devices not set
2021-07-20 18:01:53.292368: I tensorflow/stream_executor/platform/default/dso_loader.cc:49] Successfully opened dynamic library libcuda.so.1
2021-07-20 18:01:53.329860: I tensorflow/core/common_runtime/gpu/gpu_device.cc:1720] Found device 0 with properties: 
pciBusID: 0000:83:00.0 name: Tesla K40m computeCapability: 3.5
coreClock: 0.745GHz coreCount: 15 deviceMemorySize: 11.17GiB deviceMemoryBandwidth: 268.58GiB/s
2021-07-20 18:01:53.329908: I tensorflow/stream_executor/platform/default/dso_loader.cc:49] Successfully opened dynamic library libcudart.so.11.0
2021-07-20 18:01:54.908199: I tensorflow/stream_executor/platform/default/dso_loader.cc:49] Successfully opened dynamic library libcublas.so.11
2021-07-20 18:01:54.908326: I tensorflow/stream_executor/platform/default/dso_loader.cc:49] Successfully opened dynamic library libcublasLt.so.11
2021-07-20 18:01:54.910910: I tensorflow/stream_executor/platform/default/dso_loader.cc:49] Successfully opened dynamic library libcufft.so.10
2021-07-20 18:01:54.912082: I tensorflow/stream_executor/platform/default/dso_loader.cc:49] Successfully opened dynamic library libcurand.so.10
2021-07-20 18:01:54.915600: I tensorflow/stream_executor/platform/default/dso_loader.cc:49] Successfully opened dynamic library libcusolver.so.10
2021-07-20 18:01:54.917669: I tensorflow/stream_executor/platform/default/dso_loader.cc:49] Successfully opened dynamic library libcusparse.so.11
2021-07-20 18:01:54.919164: I tensorflow/stream_executor/platform/default/dso_loader.cc:49] Successfully opened dynamic library libcudnn.so.8
2021-07-20 18:01:54.920931: I tensorflow/core/common_runtime/gpu/gpu_device.cc:1862] Adding visible gpu devices: 0
2021-07-20 18:01:54.921670: I tensorflow/compiler/jit/xla_gpu_device.cc:99] Not creating XLA devices, tf_xla_enable_xla_devices not set
2021-07-20 18:01:54.922520: I tensorflow/core/common_runtime/gpu/gpu_device.cc:1720] Found device 0 with properties: 
pciBusID: 0000:83:00.0 name: Tesla K40m computeCapability: 3.5
coreClock: 0.745GHz coreCount: 15 deviceMemorySize: 11.17GiB deviceMemoryBandwidth: 268.58GiB/s
2021-07-20 18:01:54.922550: I tensorflow/stream_executor/platform/default/dso_loader.cc:49] Successfully opened dynamic library libcudart.so.11.0
2021-07-20 18:01:54.922578: I tensorflow/stream_executor/platform/default/dso_loader.cc:49] Successfully opened dynamic library libcublas.so.11
2021-07-20 18:01:54.922608: I tensorflow/stream_executor/platform/default/dso_loader.cc:49] Successfully opened dynamic library libcublasLt.so.11
2021-07-20 18:01:54.922638: I tensorflow/stream_executor/platform/default/dso_loader.cc:49] Successfully opened dynamic library libcufft.so.10
2021-07-20 18:01:54.922667: I tensorflow/stream_executor/platform/default/dso_loader.cc:49] Successfully opened dynamic library libcurand.so.10
2021-07-20 18:01:54.922696: I tensorflow/stream_executor/platform/default/dso_loader.cc:49] Successfully opened dynamic library libcusolver.so.10
2021-07-20 18:01:54.922726: I tensorflow/stream_executor/platform/default/dso_loader.cc:49] Successfully opened dynamic library libcusparse.so.11
2021-07-20 18:01:54.922756: I tensorflow/stream_executor/platform/default/dso_loader.cc:49] Successfully opened dynamic library libcudnn.so.8
2021-07-20 18:01:54.924339: I tensorflow/core/common_runtime/gpu/gpu_device.cc:1862] Adding visible gpu devices: 0
2021-07-20 18:01:54.924378: I tensorflow/stream_executor/platform/default/dso_loader.cc:49] Successfully opened dynamic library libcudart.so.11.0
2021-07-20 18:01:55.566029: I tensorflow/core/common_runtime/gpu/gpu_device.cc:1261] Device interconnect StreamExecutor with strength 1 edge matrix:
2021-07-20 18:01:55.566083: I tensorflow/core/common_runtime/gpu/gpu_device.cc:1267]      0 
2021-07-20 18:01:55.566094: I tensorflow/core/common_runtime/gpu/gpu_device.cc:1280] 0:   N 
2021-07-20 18:01:55.568682: I tensorflow/core/common_runtime/gpu/gpu_device.cc:1406] Created TensorFlow device (/job:localhost/replica:0/task:0/device:GPU:0 with 10615 MB memory) -> physical GPU (device: 0, name: Tesla K40m, pci bus id: 0000:83:00.0, compute capability: 3.5)
2021-07-20 18:01:57.935332: W tensorflow/core/framework/cpu_allocator_impl.cc:80] Allocation of 835584000 exceeds 10% of free system memory.
2021-07-20 18:02:04.880755: W tensorflow/core/framework/cpu_allocator_impl.cc:80] Allocation of 3342336000 exceeds 10% of free system memory.
2021-07-20 18:02:12.145998: I tensorflow/compiler/mlir/mlir_graph_optimization_pass.cc:116] None of the MLIR optimization passes are enabled (registered 2)
2021-07-20 18:02:12.146824: I tensorflow/core/platform/profile_utils/cpu_utils.cc:112] CPU Frequency: 2800045000 Hz
2021-07-20 18:02:19.546657: I tensorflow/stream_executor/platform/default/dso_loader.cc:49] Successfully opened dynamic library libcublas.so.11
2021-07-20 18:02:19.852685: I tensorflow/stream_executor/platform/default/dso_loader.cc:49] Successfully opened dynamic library libcublasLt.so.11
2021-07-20 18:02:19.888949: I tensorflow/stream_executor/platform/default/dso_loader.cc:49] Successfully opened dynamic library libcudnn.so.8
2021-07-20 18:07:25.459213: W tensorflow/core/framework/cpu_allocator_impl.cc:80] Allocation of 835584000 exceeds 10% of free system memory.
