2021-07-06 23:24:15.579951: I tensorflow/stream_executor/platform/default/dso_loader.cc:49] Successfully opened dynamic library libcudart.so.11.0
2021-07-06 23:24:37.081530: I tensorflow/compiler/jit/xla_cpu_device.cc:41] Not creating XLA devices, tf_xla_enable_xla_devices not set
2021-07-06 23:24:37.083042: I tensorflow/stream_executor/platform/default/dso_loader.cc:49] Successfully opened dynamic library libcuda.so.1
2021-07-06 23:24:37.122760: I tensorflow/core/common_runtime/gpu/gpu_device.cc:1720] Found device 0 with properties: 
pciBusID: 0000:07:00.0 name: Tesla V100-SXM2-16GB computeCapability: 7.0
coreClock: 1.53GHz coreCount: 80 deviceMemorySize: 15.78GiB deviceMemoryBandwidth: 836.37GiB/s
2021-07-06 23:24:37.122804: I tensorflow/stream_executor/platform/default/dso_loader.cc:49] Successfully opened dynamic library libcudart.so.11.0
2021-07-06 23:24:37.125811: I tensorflow/stream_executor/platform/default/dso_loader.cc:49] Successfully opened dynamic library libcublas.so.11
2021-07-06 23:24:37.125853: I tensorflow/stream_executor/platform/default/dso_loader.cc:49] Successfully opened dynamic library libcublasLt.so.11
2021-07-06 23:24:37.127300: I tensorflow/stream_executor/platform/default/dso_loader.cc:49] Successfully opened dynamic library libcufft.so.10
2021-07-06 23:24:37.128357: I tensorflow/stream_executor/platform/default/dso_loader.cc:49] Successfully opened dynamic library libcurand.so.10
2021-07-06 23:24:37.130895: I tensorflow/stream_executor/platform/default/dso_loader.cc:49] Successfully opened dynamic library libcusolver.so.10
2021-07-06 23:24:37.131705: I tensorflow/stream_executor/platform/default/dso_loader.cc:49] Successfully opened dynamic library libcusparse.so.11
2021-07-06 23:24:37.132142: I tensorflow/stream_executor/platform/default/dso_loader.cc:49] Successfully opened dynamic library libcudnn.so.8
2021-07-06 23:24:37.134010: I tensorflow/core/common_runtime/gpu/gpu_device.cc:1862] Adding visible gpu devices: 0
2021-07-06 23:24:37.134445: I tensorflow/core/platform/cpu_feature_guard.cc:142] This TensorFlow binary is optimized with oneAPI Deep Neural Network Library (oneDNN) to use the following CPU instructions in performance-critical operations:  AVX2 FMA
To enable them in other operations, rebuild TensorFlow with the appropriate compiler flags.
2021-07-06 23:24:37.134522: I tensorflow/compiler/jit/xla_gpu_device.cc:99] Not creating XLA devices, tf_xla_enable_xla_devices not set
2021-07-06 23:24:37.135526: I tensorflow/core/common_runtime/gpu/gpu_device.cc:1720] Found device 0 with properties: 
pciBusID: 0000:07:00.0 name: Tesla V100-SXM2-16GB computeCapability: 7.0
coreClock: 1.53GHz coreCount: 80 deviceMemorySize: 15.78GiB deviceMemoryBandwidth: 836.37GiB/s
2021-07-06 23:24:37.135556: I tensorflow/stream_executor/platform/default/dso_loader.cc:49] Successfully opened dynamic library libcudart.so.11.0
2021-07-06 23:24:37.135573: I tensorflow/stream_executor/platform/default/dso_loader.cc:49] Successfully opened dynamic library libcublas.so.11
2021-07-06 23:24:37.135588: I tensorflow/stream_executor/platform/default/dso_loader.cc:49] Successfully opened dynamic library libcublasLt.so.11
2021-07-06 23:24:37.135600: I tensorflow/stream_executor/platform/default/dso_loader.cc:49] Successfully opened dynamic library libcufft.so.10
2021-07-06 23:24:37.135612: I tensorflow/stream_executor/platform/default/dso_loader.cc:49] Successfully opened dynamic library libcurand.so.10
2021-07-06 23:24:37.135625: I tensorflow/stream_executor/platform/default/dso_loader.cc:49] Successfully opened dynamic library libcusolver.so.10
2021-07-06 23:24:37.135637: I tensorflow/stream_executor/platform/default/dso_loader.cc:49] Successfully opened dynamic library libcusparse.so.11
2021-07-06 23:24:37.135649: I tensorflow/stream_executor/platform/default/dso_loader.cc:49] Successfully opened dynamic library libcudnn.so.8
2021-07-06 23:24:37.137405: I tensorflow/core/common_runtime/gpu/gpu_device.cc:1862] Adding visible gpu devices: 0
2021-07-06 23:24:37.137432: I tensorflow/stream_executor/platform/default/dso_loader.cc:49] Successfully opened dynamic library libcudart.so.11.0
2021-07-06 23:24:37.628492: I tensorflow/core/common_runtime/gpu/gpu_device.cc:1261] Device interconnect StreamExecutor with strength 1 edge matrix:
2021-07-06 23:24:37.628533: I tensorflow/core/common_runtime/gpu/gpu_device.cc:1267]      0 
2021-07-06 23:24:37.628539: I tensorflow/core/common_runtime/gpu/gpu_device.cc:1280] 0:   N 
2021-07-06 23:24:37.631368: I tensorflow/core/common_runtime/gpu/gpu_device.cc:1406] Created TensorFlow device (/job:localhost/replica:0/task:0/device:GPU:0 with 14759 MB memory) -> physical GPU (device: 0, name: Tesla V100-SXM2-16GB, pci bus id: 0000:07:00.0, compute capability: 7.0)
2021-07-06 23:24:41.439348: I tensorflow/compiler/mlir/mlir_graph_optimization_pass.cc:116] None of the MLIR optimization passes are enabled (registered 2)
2021-07-06 23:24:41.439807: I tensorflow/core/platform/profile_utils/cpu_utils.cc:112] CPU Frequency: 3199920000 Hz
2021-07-06 23:24:46.476847: I tensorflow/stream_executor/platform/default/dso_loader.cc:49] Successfully opened dynamic library libcublas.so.11
2021-07-06 23:24:46.779073: I tensorflow/stream_executor/platform/default/dso_loader.cc:49] Successfully opened dynamic library libcublasLt.so.11
2021-07-06 23:24:46.814039: I tensorflow/stream_executor/platform/default/dso_loader.cc:49] Successfully opened dynamic library libcudnn.so.8
/work/hwei/HaowenWeiDeepLearning/IndexPenTrainingDir/IndexPen_Training/IndexPen_Training_venv/lib/python3.7/site-packages/sklearn/base.py:315: UserWarning: Trying to unpickle estimator OneHotEncoder from version 0.24.1 when using version 0.24.2. This might lead to breaking code or invalid results. Use at your own risk.
  UserWarning)
Traceback (most recent call last):
  File "training_script.py", line 65, in <module>
    batch_size=64, callbacks=[es, mc, csv_logger], verbose=1, shuffle=True)
  File "/work/hwei/HaowenWeiDeepLearning/IndexPenTrainingDir/IndexPen_Training/IndexPen_Training_venv/lib/python3.7/site-packages/tensorflow/python/keras/engine/training.py", line 1105, in fit
    callbacks.on_train_batch_end(end_step, logs)
  File "/work/hwei/HaowenWeiDeepLearning/IndexPenTrainingDir/IndexPen_Training/IndexPen_Training_venv/lib/python3.7/site-packages/tensorflow/python/keras/callbacks.py", line 454, in on_train_batch_end
    self._call_batch_hook(ModeKeys.TRAIN, 'end', batch, logs=logs)
  File "/work/hwei/HaowenWeiDeepLearning/IndexPenTrainingDir/IndexPen_Training/IndexPen_Training_venv/lib/python3.7/site-packages/tensorflow/python/keras/callbacks.py", line 296, in _call_batch_hook
    self._call_batch_end_hook(mode, batch, logs)
  File "/work/hwei/HaowenWeiDeepLearning/IndexPenTrainingDir/IndexPen_Training/IndexPen_Training_venv/lib/python3.7/site-packages/tensorflow/python/keras/callbacks.py", line 316, in _call_batch_end_hook
    self._call_batch_hook_helper(hook_name, batch, logs)
  File "/work/hwei/HaowenWeiDeepLearning/IndexPenTrainingDir/IndexPen_Training/IndexPen_Training_venv/lib/python3.7/site-packages/tensorflow/python/keras/callbacks.py", line 356, in _call_batch_hook_helper
    hook(batch, logs)
  File "/work/hwei/HaowenWeiDeepLearning/IndexPenTrainingDir/IndexPen_Training/IndexPen_Training_venv/lib/python3.7/site-packages/tensorflow/python/keras/callbacks.py", line 1020, in on_train_batch_end
    self._batch_update_progbar(batch, logs)
  File "/work/hwei/HaowenWeiDeepLearning/IndexPenTrainingDir/IndexPen_Training/IndexPen_Training_venv/lib/python3.7/site-packages/tensorflow/python/keras/callbacks.py", line 1085, in _batch_update_progbar
    self.progbar.update(self.seen, list(logs.items()), finalize=False)
  File "/work/hwei/HaowenWeiDeepLearning/IndexPenTrainingDir/IndexPen_Training/IndexPen_Training_venv/lib/python3.7/site-packages/tensorflow/python/keras/utils/generic_utils.py", line 641, in update
    sys.stdout.flush()
OSError: [Errno 28] No space left on device
